[   0.000000] Linu versin 4.150-66geeric (uidd@lw0-amd64-044) (gcc version 7.4.0 (Ubuntu 7.4.0-1ubtu1~18.04.1)#75-Ubnt SMP Tue Oct 1 05:24:09 UTC 2019 (Ubuntu 4.15.0-66.75-generic 4.15.18)
[    0.000000] Command line: BOOT_IMAGE=/boot/vmlinuz-4.15.0-66-generic root=UUID=a5eb06e2-8eb1-4232-8570-2cc927993946 ro console=tty1 console=ttyS0
[    0.000000] KERNEL supported cpus:
[    0.000000]   Intel GenuineIntel
[    0.000000]   AMD AuthenticAMD
[    0.000000]   Centaur CentaurHauls
[    0.000000] x86/fpu: upporting XSAVE feature 0x001: 'x87 floating point rgisters'
[    0.000000] x86/fpu: Supporting XSAVE feature 0x002: 'SSE registers'
[    0.000000] x86/fpu: Supporting XSAVE feature 0x004: 'AVX registers'
[    0.000000] x86/fpu: xstate_offset[2]:  576, xstate_sizes[2]:  256
[    0.000000] x86/fpu: Enabled xstate features 0x7, context size is 832 bytes, using 'standard' format.
[    0.000000] e820: BIOS-provided physical RAM map:
[    0.0000] BIOS-e820: em 00000000000000000-0x000000000009fbff] usable
[    0.000000] BIO-e820: [mem 0x000000000009f00-0x000000009ffff] reserved
[    0.000000] BIOS-e820: [memx00000000000f0000-0x00000000000fff] reserve
[   .000000] BIOS-e820: [mem 0x0000000000100000-0x000000003ffefff] usabl
[    0.000000] BIOS-e820: [mem 0x000000003fff0000-0x000000003fffffff] ACPI data
[    0.000000] BIOS-e820: [mem 0x00000000fec00000-0x00000000fec00fff] reserved
[    0.000000] BIOS-e820: [mem 0x00000000fee000-0x00000000fe00ff] reserved
[    0.000000] BIOS-e820: [mem 0x00000000fffc0000-0x00000000ffffffff] reserved
[    0.000000] NX (Execute Disable) protection: active
[    0.000000] SMBIOS 2.5 present.
[    0.000000] DMI: innotek GmbH VirtualBox/VirtualBox, BIOS VirtualBox 12/01/2006
[    0.000000] Hypervisor detected: KVM
[    0.000000] e820: last_pfn = 0x3fff0 max_arch_pfn = 0x400000000
[    00000] MTRR: Disabled
[    0.000000] x86/PAT: MTRRs disabled, skipping PAT initialization too.
[    0.000000] CPU MTRRs all blank - virtualized system.
[   0.00000] x86/PAT: Confiuration [0-7]: WB  WT  UC- UC  WB  WT  UC- UC  
[    0.000000] found SMP MP-table at [mem 0x0009fff0-0x0009ffff]
[    0.000000] Scanning 1 areas for low memory corruption
[    0.000000 RAMDISK: [mem 0x35981000-x36cb7fff]
[    0.000000] ACPI: Early table checksum verification disabled
[   0.000000]ACPI: RSDP 0x00000000000E0000 00002 (v02 VBOX  )
[    0.000000] ACPI: XSDT 0x000000003FFF0030 00003C (v01 VBOX   VBOXXSDT 00000001 ASL  00000061)
[    0.000000] ACPI: FACP 0x000000003FFF00F0 0000F4 (v04 VBOX   VBOXFACP 00000001 ASL  00000061)
[    0.000000] ACPI: DSDT 0x000000003FFF0470 0021FF (v02 VBOX   VBOXBIOS 00000002 INTL 20100528)
[    0.000000] ACPI: FACS 0x000000003FFF0200 000040
[    0.000000] ACPI: FACS 0x000000003FFF0200 000040
[    0.000000] ACPI: APIC 0x000000003FFF0240 00005C (v02 VBOX   VOXAPIC 000001 ASL  00000061)
[    0.000000] ACPI: SSDT 0x000000003FFF02A0 0001CC (v01 VBOX   VBOXCPUT 00000002 INTL 20100528)
[    0.000000] No NUMA configuration found
[    0.000000] Faking a node at [mem 0x0000000000000000-0x000000003ffeffff]
[    0.000000] NODE_DATA(0) allocated [mem 0x3ffc5000-0x3ffeffff]
[    0.000000] kvm-clock: cpu 0, msr 0:3ff44001, primar cpu clock
[    0.000000] kvm-ock: Usg msrs 4b564d01 and 4b4d00
[    0.000000] kvm-clock: sig sched oset of 5121242711 cycles
[    0.000000] clocksource: kvm-clock: mask: 0xffffffffffffffff max_cycles: 0x1cd42e4dffb, max_ilens: 881590591483 ns
[    0.000000] Zone ranges:
[    0.000000]  MA      [mem 0x0000000000001000-0x0000000000ffffff]
[   .000000]   DMA32    [mem 0x0000000001000000-0x000000003ffeffff]
[  0.000000  Normal   empty
    0.00000]   Device   empty
[    0.000000] Movable zone start for each node
[    0.000000] Early memory node ranges
[    0.000000]   node   0: [mem 0x0000000000001000-0x000000000009efff]
[    0.000000]   node   0: [mem 0x0000000000100000-0x000000003ffeffff]
[    0.000000] Reserved but unavailable: 98 pages
[    0.000000] Initmem setup node 0 [mem 0x0000000000001000-0x000000003ffeffff]
[    0.000000] ACPI: PM-Timer IO Port: 0x4008
[    0.000000] IOAPIC[0]: apic_id 2, version 32, address 0xfec00000, GSI 0-23
[    0.000000] ACPI: INT_SRC_OVR (bus 0 bus_irq 0 global_irq 2 dfl dfl)
[    0.000000] ACPI: INT_SRC_OVR (bus 0 bus_irq 9 global_irq 9 low level)
[    0.00000] Using ACPI (MADT) for SMP configuration information
[    0.000000] smpboot: Allowing 2 CPUs,0 hotplug CPUs[   .00000] PM: Registered nosave memory: [mem 0x00000000-0x00000fff]
[    0.000000] PM: Registered nosave memory: [mem 0x0009f000-0x0009ffff]
[    0.000000] PM: Registered nosave memory: [mem 0x000a0000-x000fff]
[    0.0000] PM: Registered nosavmemory: [mem 0x000f0000-0x00ffff]
[    0.000000] e820: [mem 0x40000000-0xfebfffff] available for PCI devices
[    0.000000] Booting paravirtualized kernel on KVM
[    0.000000] clocksource: refined-jiffies: mask: 0xffffffff max_cycles: 0xffffffff, max_idle_ns: 7645519600211568 ns
[    0.000000] random: get_random_bytes called from start_kernel+0x99/0x4fd with crng_init=0
[   0.000000] setup_percpu: NR_CPUS:8192 nr_cpumask_bits:2 nr_cpu_ids:2 nr_node_ids:1
[    0.000000] percpu: Embedded 46 pages/cpu s151552 r8192 d28672 u1048576
[    0.000000] PV qspinlock hash table entries: 256 (order: 0, 4096 bytes)
[    0.000000] Built 1 zonelists, mobility grouping on.  Total pages: 257913
[    0.000000] Policy zone: DMA32
[    0.000000] Kernel command line: BOOT_IMAGE=/boot/vmlinuz-4.15.0-66-generic root=UUID=a5eb06e2-8eb1-4232-8570-2cc927993946 ro console=tty1 console=ttyS0
[    0.000000] Memory: 982904K/1048120K available (12300K kernel code, 2481K rwdata, 4260K rodata, 2436K init, 2388K bss, 65216K reserved, 0K cma-reserved)
[    0.000000] SLUB: HWalign=64, Order=0-3, MinObjects=0, CPUs=2, Nodes=1
[    0.000000] Kernel/User page tbles isolation: enabled
[    0.0000] ftrace:llocating 39306 entries in 154 ages
[    0.004000] Hierarchal RCUimlemention.
[    0.004000]	RCU restricting Us from R_CPUS=8192 to nr_cpu_ids=2.
[    0.004000] 	Tasks RCU enabled.
[    0.004000] RCU: Adjusting eometry for rcu_fanout_leaf=16, nr_cpu_ids=2
[    0.004000] NR_IRQS: 524544, nr_irqs: 440, preallocated irqs: 16
[    0.004000] Console: colour VGA+ 80x25
[    0.004000] console [tty1] enabled
[    0.004000] console [ttyS0] enabled
[    0.004000] ACPI: Core revision 20170831
[   .004000]ACI: 2 ACPI AMLtales successfully acquired an lode
[    0.004000] APIC: Switch to symmetric I/O mode setup
[    0.004253] x2apic enabled
[    0.008005] Switched APIC routing to physical x2apic.
[    0.012984] ..TIMER: vector=0x30 apic1=0 pin1=2 apic2=-1 pin2=-1
[    0.016003] tsc: Detected 2903.998 MHz processor
[    0.020013] Calibrating delay loop (skipped) preset value.. 5807.99 BogoMIPS (lpj=11615992)
[    0.024007] pid_max: default: 32768 minimum: 301
[    0.028048] Security Framework initialized
[    0.032008] Yama: becoming mindful.
[    0.036048] AppArmor: AppArmor initialized
[    0.041529] Dentry cache hash table entries: 131072 (order: 8, 1048576 bytes)
[    0.044090] Inode-cache hash table entries: 65536 (order: 7, 524288 bytes)
[    0.048020] Mount-cache hash table entries: 2048 (order: 2, 16384 bytes)
[    0.052012] Mountpoint-cache hash table entries: 2048 (order: 2, 16384 bytes)
[    0.056249] Last level iTLB entries: 4KB 64, 2MB 8, 4MB 8
[    0.060002] Last level dTLB entries: 4KB 64, 2MB 0, 4MB 0, 1GB 4
[    0.064005] Spectre V1 : Mitigation: usercopy/swapgs barriers and __user pointer sanitization
[    0.068009] Spectre V2 : Mitigation: Full generic retpoline
[    0.072004] Spectre V2 : Spectre v2 / SpectreRSB mitigation: Filling RSB on context switch
[    0.076007] Speculative Store Bypass: Vulnerable
[    0.077105] MDS: Vulnerable: Clear CPU buffers attempted, no microcode
[    0.078644] Freeing SMP alternatives memory: 36K
[    0.191372] smpboot: CPU0: Intel(R) Core(TM) i5-6267U CPU @ 2.90GHz (family: 0x6, model: 0x4e, stepping: 0x3)
[    0.192094] Performance Events: unsupported p6 CPU model 78 no PMU driver, software events only.
[    0.196045] Hierarchical SRCU implementation.
[    0.200605] NMI watchdog: Perf event create on CPU 0 failed with -2
[    0.204003] NMI watchdog: Perf NMI watchdog permanently disabled
[    0.208061] smp: Bringing up secondary CPUs ...
[    0.212106] x86: Booting SMP configuration:
[    0.216003] .... node  #0, CPUs:      #1
[    0.004000] kvm-clock: cpu 1, msr 0:3ff44041, secondary cpu clock
[    0.223718] smp: Brought up 1 node, 2 CPUs
[    0.224008] smpboot: Max logical packages: 1
[    0.228004] smpboot: Total of 2 processors activated (11615.99 BogoMIPS)
[    0.232154] devtmpfs: initialized
[    0.236060] x86/mm: Memory block size: 128MB
[    0.240145] evm: security.selinux
[    0.244005] evm: security.SMACK64
[    0.248008] evm: security.SMACK64EXEC
[    0.252008] evm: security.SMACK64TRANSMUTE
[    0.256007] evm: security.SMACK64MMAP
[    0.257284] evm: security.apparmor
[    0.260005] evm: security.ima
[    0.260670] evm: security.capability
[    0.261721] clocksource: jiffies: mask: 0xffffffff max_cycles: 0xffffffff, max_idle_ns: 7645041785100000 ns
[    0.264020] futex hash table entries: 512 (order: 3, 32768 bytes)
[    0.269896] pinctrl core: initialized pinctrl subsystem
[    0.272124] RTC time: 13:52:46, date: 11/10/19
[    0.276177] NET: Registered protocol family 16
[    0.277333] audit: initializing netlink subsys (disabled)
[    0.280061] audit: type=2000 audit(1573393967.861:1): state=initialized audit_enabled=0 res=1
[    0.376007] cpuidle: using governor ladder
[    0.380013] cpuidle: using governor menu
[    0.384061] ACPI: bus type PCI registered
[    0.388004] acpiphp: ACPI Hot Plug PCI Controller Driver version: 0.5
[    0.396003] PCI: Using configuration type 1 for base access
[    0.401087] HugeTLB registered 2.00 MiB page size, pre-allocated 0 pages
[    0.404114] ACPI: Added _OSI(Module Device)
[    0.408005] ACPI: Added _OSI(Processor Device)
[    0.412003] ACPI: Added _OSI(3.0 _SCP Extensions)
[    0.416004] ACPI: Added _OSI(Processor Aggregator Device)
[    0.417544] ACPI: Added _OSI(Linux-Dell-Video)
[    0.420005] ACPI: Added _OSI(Linux-Lenovo-NV-HDMI-Audio)
[    0.424011] ACPI: Added _OSI(Linux-HPI-Hybrid-Graphics)
[    0.428409] ACPI: Executed 1 blocks of module-level executable AML code
[    0.433683] ACPI: Interpreter enabled
[    0.434863] ACPI: (supports S0 S5)
[    0.436012] ACPI: Using IOAPIC for interrupt routing
[    0.444267] PCI: Using host bridge windows from ACPI; if necessary, use "pci=nocrs" and report a bug
[    0.448408] ACPI: Enabled 2 GPEs in block 00 to 07
[    0.463387] ACPI: PCI Root Bridge [PCI0] (domain 0000 [bus 00-ff])
[    0.464021] acpi PNP0A03:00: _OSC: OS supports [ASPM ClockPM Segments MSI]
[    0.468055] acpi PNP0A03:00: _OSC: not requesting OS control; OS requires [ExtendedConfig ASPM ClockPM MSI]
[    0.472033] acpi PNP0A03:00: fail to add MMCONFIG information, can't access extended PCI configuration space under this bridge.
[    0.476964] PCI host bridge to bus 0000:00
[    0.480009] pci_bus 0000:00: root bus resource [io  0x0000-0x0cf7 window]
[    0.484013] pci_bus 0000:00: root bus resource [io  0x0d00-0xffff window]
[    0.488007] pci_bus 0000:00: root bus resource [mem 0x000a0000-0x000bffff window]
[    0.492009] pci_bus 0000:00: root bus resource [mem 0x40000000-0xfdffffff window]
[    0.493619] pci_bus 0000:00: root bus resource [bus 00-ff]
[    0.498218] pci 0000:00:01.1: legacy IDE quirk: reg 0x10: [io  0x01f0-0x01f7]
[    0.499711] pci 0000:00:01.1: legacy IDE quirk: reg 0x14: [io  0x03f6]
[    0.500008] pci 0000:00:01.1: legacy IDE quirk: reg 0x18: [io  0x0170-0x0177]
[    0.504008] pci 0000:00:01.1: legacy IDE quirk: reg 0x1c: [io  0x0376]
[    0.524593] pci 0000:00:07.0: quirk: [io  0x4000-0x403f] claimed by PIIX4 ACPI
[    0.528025] pci 0000:00:07.0: quirk: [io  0x4100-0x410f] claimed by PIIX4 SMB
[    0.545480] ACPI: PCI Interrupt Link [LNKA] (IRQs 5 9 10 *11)
[    0.548316] ACPI: PCI Interrupt Link [LNKB] (IRQs 5 9 *10 11)
[    0.552158] ACPI: PCI Interrupt Link [LNKC] (IRQs 5 *9 10 11)
[    0.556161] ACPI: PCI Interrupt Link [LNKD] (IRQs 5 9 10 *11)
[    0.560426] SCSI subsystem initialized
[    0.568043] pci 0000:00:02.0: vgaarb: setting as boot VGA device
[    0.572000] pci 0000:00:02.0: vgaarb: VGA device added: decodes=io+mem,owns=io+mem,locks=none
[    0.572009] pci 0000:00:02.0: vgaarb: bridge control possible
[    0.576003] vgaarb: loaded
[    0.580053] ACPI: bus type USB registered
[    0.584039] usbcore: registered new interface driver usbfs
[    0.588017] usbcore: registered new interface driver hub
[    0.592031] usbcore: registered new device driver usb
[    0.596072] EDAC MC: Ver: 3.0.0
[    0.600354] PCI: Using ACPI for IRQ routing
[    0.604383] NetLabel: Initializing
[    0.608003] NetLabel:  domain hash size = 128
[    0.612002] NetLabel:  protocols = UNLABELED CIPSOv4 CALIPSO
[    0.616026] NetLabel:  unlabeled traffic allowed by default
[    0.620251] clocksource: Switched to clocksource kvm-clock
[    0.688110] VFS: Disk quotas dquot_6.6.0
[    0.689378] VFS: Dquot-cache hash table entries: 512 (order 0, 4096 bytes)
[    0.691273] AppArmor: AppArmor Filesystem Enabled
[    0.692665] pnp: PnP ACPI init
[    0.695704] pnp: PnP ACPI: found 3 devices
[    0.710581] clocksource: acpi_pm: mask: 0xffffff max_cycles: 0xffffff, max_idle_ns: 2085701024 ns
[    0.714483] NET: Registered protocol family 2
[    0.716630] TCP established hash table entries: 8192 (order: 4, 65536 bytes)
[    0.719496] TCP bind hash table entries: 8192 (order: 5, 131072 bytes)
[    0.724306] TCP: Hash tables configured (established 8192 bind 8192)
[    0.726952] UDP ash table entries: 512 (order: 2, 16384 bytes)
[    0.760911] UDP-Lite hash table entries: 512 (order: 2, 16384 bytes)
[    0.762342] NET: Registered protocol family 1
[    0.763326] pci 0000:00:00.0: Limiting direct PCI/PCI transfers
[    0.764827] pci 0000:00:01.0: Activating ISA DMA hanwokarounds
[    0.840385] pci 0000:00:02.0: Video device with shadowed ROM at [mem 0x000c0000-0x000dffff]
[    0.842245] Unpacking initramfs...

[    1.159262] Freeing initrd memory: 19676K
[    1.202328] clocksource: tsc: mask: 0xffffffffffffffff max_cycles: 0x29dc03c1beb, max_idle_ns: 440795205215 ns
[    1.297345] platform rtc_cmos: registered platform RTC device (no PNP device found)
[    1.401458] Scanning for low memory corruption every 60 seconds
[    1.443262] Initialise system trusted keyrings
[    1.481866] Key type blacklist registered
[    1.524315] workingset: timestamp_bits=36 max_order=18 bucket_order=0
[    1.581530] zbud: loaded
[    1.606601] squashfs: version 4.0 (2009/01/31) Phillip Lougher
[    1.652021] fuse init (API version 7.26)
[    1.688300] Key type asymmetric registered
[    1.729970] Asymmetric key parser 'x509' registered
[    1.773831] Block layer SCSI generic (bsg) driver version 0.4 loaded (major 246)
[    1.786920] io scheduler noop registered
[    1.787805] io scheduler deadline registered
[    1.789009] io scheduler cfq registered (default)
[    1.790831] ACPI: AC Adapter [AC] (off-line)
[    1.791874] input: Power Button as /devices/LNXSYSTM:00/LNXPWRBN:00/input/input0
[    1.794134] ACPI: Power Button [PWRF]
[    1.795193] input: Sleep Button as /devices/LNXSYSTM:00/LNXSLPBN:00/input/input1
[    1.797068] ACPI: Sleep Button [SLPF]
[    1.800946] ACPI: Battery Slot [BAT0] (battery present)
[    1.808851] Serial: 8250/16550 driver, 32 ports, IRQ sharing enabled
[    1.837729] 00:02: ttyS0 at I/O 0x3f8 (irq = 4, base_baud = 115200) is a 16550A
[    1.849478] Linux agpgart interface v0.103
[    1.856322] loop: module loaded
[    1.863018] scsi host0: ata_piix
[    1.864006] scsi host1: ata_piix
[    1.870655] ata1: PATA max UDMA/33 cmd 0x1f0 ctl 0x3f6 bmdma 0xd000 irq 14
[    1.872079] ata2: PATA max UDMA/33 cmd 0x170 ctl 0x376 bmdma 0xd008 irq 15
[    1.877868] libphy: Fixed MDIO Bus: probed
[    1.879115] tun: Universal TUN/TAP device driver, 1.6
[    1.880603] PPP generic driver version 2.4.2
[    1.881721] ehci_hcd: USB 2.0 'Enhanced' Host Controller (EHCI) Driver
[    1.883118] ehci-pci: EHCI PCI platform driver
[    1.884129] ehci-platform: EHCI generic platform driver
[    1.885398] ohci_hcd: USB 1.1 'Open' Host Controller (OHCI) Driver
[    1.886739] ohci-pci: OHCI PCI platform driver
[    1.895121] ohci-platform: OHCI generic platform driver
[    1.939444] uhci_hcd: USB Universal Host Controller Interface driver
[    2.004074] i8042: PNP: PS/2 Controller [PNP0303:PS2K,PNP0f03:PS2M] at 0x60,0x64 irq 1,12
[    2.054060] serio: i8042 KBD port at 0x60,0x64 irq 1
[    2.090013] serio: i8042 AUX port at 0x60,0x64 irq 12
[    2.135240] mousedev: PS/2 mouse device common for all mice
[    2.202686] rtc_cmos rtc_cmos: rtc core: registered rtc_cmos as rtc0
[    2.246640] rtc_cmos rtc_cmos: alarms up to one day, 114 bytes nvram
[    2.248040] input: AT Translated Set 2 keyboard as /devices/platform/i8042/serio0/input/input2
[    2.249854] i2c /dev entries driver
[    2.250812] device-mapper: uevent: version 1.0.3
[    2.251905] device-mapper: ioctl: 4.37.0-ioctl (2017-09-20) initialised: dm-devel@redhat.com
[    2.340297] ledtrig-cpu: registered to indicate activity on CPUs
[    2.393150] NET: Registered protocol family 10
[    2.447359] Segment Routing with IPv6
[    2.459447] NET: Registered protocol family 17
[    2.506366] Key type dns_resolver registered
[    2.519188] mce: Using 0 MCE banks
[    2.548730] RAS: Correctable Errors collector initialized.
[    2.572641] sched_clock: Marking stable (2572611401, 0)->(9029647270, -6457035869)
[    2.636557] registered taskstats version 1
[    2.692766] Loading compiled-in X.509 certificates
[    2.705795] Loaded X.509 cert 'Build time autogenerated kernel key: 01a66adcc10ca4ce7676a3458c33483b0e2b806e'
[    2.765718] zswap: loaded using pool lzo/zbud
[    2.782633] Key type big_key registered
[    2.808642] Key type trusted registered
[    2.824205] Key type encrypted registered
[    2.863806] AppArmor: AppArmor sha1 policy hashing enabled
[    2.883112] ima: No TPM chip found, activating TPM-bypass! (rc=-19)
[    2.884718] ima: Allocated hash algorithm: sha1
[    2.886021] evm: HMAC attrs: 0x1
[    2.887304]   Magic number: 11:499:887
[    2.889714] rtc_cmos rtc_cmos: setting system clock to 2019-11-10 13:52:50 UTC (1573393970)
[    2.892126] BIOS EDD facility v0.16 2004-Jun-25, 0 devices found
[    2.893483] EDD information not available.
[    2.897260] Freeing unused kernel image memory: 2436K
[    2.908351] Write protecting the kernel read-only data: 20480k
[    2.926505] Freeing unused kernel image memory: 2008K
[    2.929085] Freeing unused kernel image memory: 1884K
[    2.972046] x86/mm: Checked W+X mappings: passed, no W+X pages found.
[    2.973704] x86/mm: Checking user space page tables
[    2.981440] x86/mm: Checked W+X mappings: passed, no W+X pages found.
Loading, please wait...
starting version 237
[    3.403076] e1000: Intel(R) PRO/1000 Network Driver - version 7.3.21-k8-NAPI
[    3.405100] e1000: Copyright (c) 1999-2006 Intel Corporation.
[    3.406713] Fusion MPT base driver 3.04.20
[    3.407642] Copyright (c) 1999-2008 LSI Corporation
[    3.422522] AVX2 version of gcm_enc/dec engaged.
[    3.423656] AES CTR mode by8 optimization enabled
[    3.433541] Fusion MPT SPI Host driver 3.04.20
[    3.613312] input: ImExPS/2 Generic Explorer Mouse as /devices/platform/i8042/serio1/input/input4
[    3.837072] e1000 0000:00:03.0 eth0: (PCI:33MHz:32-bit) 02:26:45:5c:bc:af
[    3.942111] e1000 0000:00:03.0 eth0: Intel(R) PRO/1000 Network Connection
[    4.434278] e1000 0000:00:08.0 eth1: (PCI:33MHz:32-bit) 08:00:27:71:69:14
[    4.508846] e1000 0000:00:08.0 eth1: Intel(R) PRO/1000 Network Connection
[    4.582052] e1000 0000:00:03.0 enp0s3: renamed from eth0
[    4.601789] mptbase: ioc0: Initiating bringup
[    4.629962] e1000 0000:00:08.0 enp0s8: renamed from eth1
[    4.724668] ioc0: LSI53C1030 A0: Capabilities={Initiator}
[    4.983615] scsi host2: ioc0: LSI53C1030 A0, FwRev=00000000h, Ports=1, MaxQ=256, IRQ=20
[    5.153083] scsi 2:0:0:0: Direct-Access     VBOX     HARDDISK         1.0  PQ: 0 ANSI: 5
[    5.391735] scsi target2:0:0: Beginning Domain Validation
[    5.839924] scsi target2:0:0: Domain Validation skipping write tests
[    5.841257] scsi target2:0:0: Ending Domain Validation
[    5.842403] scsi target2:0:0: asynchronous
[    5.843568] scsi 2:0:1:0: Direct-Access     VBOX     HARDDISK         1.0  PQ: 0 ANSI: 5
[    6.051778] scsi target2:0:1: Beginning Domain Validation
[    6.264665] random: fast init done
[    6.300838] scsi target2:0:1: Domain Validation skipping write tests
[    7.035760] scsi target2:0:1: Ending Domain Validation
[    7.325389] scsi target2:0:1: asynchronous
[    7.333170] random: systemd-udevd: uninitialized urandom read (16 bytes read)
[    7.336087] random: systemd-udevd: uninitialized urandom read (16 bytes read)
[    7.338926] random: systemd-udevd: uninitialized urandom read (16 bytes read)
[    8.132643] sd 2:0:0:0: Attached scsi generic sg0 type 0
[    8.238847] sd 2:0:0:0: [sda] 20971520 512-byte logical blocks: (10.7 GB/10.0 GiB)
[    8.249306] sd 2:0:1:0: Attached scsi generic sg1 type 0
[    8.523507] sd 2:0:0:0: [sda] Write Protect is off
[    8.562766] sd 2:0:1:0: [sdb] 20480 512-byte logical blocks: (10.5 MB/10.0 MiB)
[    8.568997] sd 2:0:0:0: [sda] Incomplete mode parameter data
[    9.458929] sd 2:0:0:0: [sda] Assuming drive cache: write through
[   10.267342] sd 2:0:1:0: [sdb] Write Protect is off
[   10.269957]  sda: sda1
[   10.276061] sd 2:0:1:0: [sdb] Incomplete mode parameter data
[   10.331125] sd 2:0:1:0: [sdb] Assuming drive cache: write through
[   10.333250] sd 2:0:0:0: [sda] Attached SCSI disk
[   10.731722] sd 2:0:1:0: [sdb] Attached SCSI disk
Begin: Loading essential drivers ... [   12.308169] raid6: sse2x1   gen() 11220 MB/s
[   12.376149] raid6: sse2x1   xor()  8000 MB/s
[   12.489627] raid6: sse2x2   gen() 13975 MB/s
[   12.581102] raid6: sse2x2   xor()  9288 MB/s
[   12.740424] raid6: sse2x4   gen() 14318 MB/s
[   12.832090] raid6: sse2x4   xor()  6395 MB/s
[   12.880037] raid6: avx2x1   gen() 12252 MB/s
[   12.928489] raid6: avx2x1   xor() 15297 MB/s
[   13.000002] raid6: avx2x2   gen() 29488 MB/s
[   13.089582] raid6: avx2x2   xor() 17999 MB/s
[   13.180088] raid6: avx2x4   gen() 33076 MB/s
[   13.248041] raid6: avx2x4   xor() 18170 MB/s
[   13.276084] raid6: using algorithm avx2x4 gen() 33076 MB/s
[   13.361841] raid6: .... xor() 18170 MB/s, rmw enabled
[   13.441896] raid6: using avx2x2 recovery algorithm
[   13.483527] xor: automatically using best checksumming function   avx       
[   13.526134] async_tx: api initialized (async)
done.
Begin: Running /scripts/init-premount ... done.
Begin: Mounting root file system ... Begin: Running /scr[   13.605971] Btrfs loaded, crc32c=crc32c-intel
ipts/local-top ... done.
Begin: Running /scripts/local-premount ... Scanning for Btrfs filesystems
done.
Warning: fsck not present, so sk[   13.729028] EXT4-fs (sda1): INFO: recovery required on readonly filesystem
ipping root file system
[   13.789951] EXT4-fs (sda1): write access will be enabled during recovery
[   14.060826] EXT4-fs (sda1): orphan cleanup on readonly fs
[   14.064256] EXT4-fs (sda1): 3 orphan inodes deleted
[   14.065338] EXT4-fs (sda1): recovery complete
[   14.074997] EXT4-fs (sda1): mounted filesystem with ordered data mode. Opts: (null)
done.
Begin: Running /scripts/local-bottom ... done.
Begin: Running /scripts/init-bottom ... done.
[   14.577401] ip_tables: (C) 2000-2006 Netfilter Core Team
[   14.743020] systemd[1]: systemd 237 running in system mode. (+PAM +AUDIT +SELINUX +IMA +APPARMOR +SMACK +SYSVINIT +UTMP +LIBCRYPTSETUP +GCRYPT +GNUTLS +ACL +XZ +LZ4 +SECCOMP +BLKID +ELFUTILS +KMOD -IDN2 +IDN -PCRE2 default-hierarchy=hybrid)
[   15.042700] systemd[1]: Detected virtualization oracle.
[   15.043912] systemd[1]: Detected architecture x86-64.

Welcome to [1mUbuntu 18.04.2 LTS[0m!

[   15.054641] systemd[1]: Set hostname to <ubuntu-bionic>.
[   15.453919] systemd[1]: Started Forward Password Requests to Wall Directory Watch.
[[0;32m  OK  [0m] Started Forward Password Requests to Wall Directory Watch.
[   16.241248] systemd[1]: Reached target User and Group Name Lookups.
[[0;32m  OK  [0m] Reached target User and Group Name Lookups.
[   16.244365] systemd[1]: Set up automount Arbitrary Executable File Formats File System Automount Point.
[[0;32m  OK  [0m] Set up automount Arbitrary Executab…rmats File System Automount Point.
[   16.324814] systemd[1]: Reached target System Time Synchronized.
[[0;32m  OK  [0m] Reached target System Time Synchronized.
[   16.593096] systemd[1]: Reached target Swap.
[[0;32m  OK  [0m] Reached target Swap.
[   17.406872] systemd[1]: Created slice System Slice.
[[0;32m  OK  [0m] Created slice System Slice.
[[0;32m  OK  [0m] Listening on Journal Socket.
[[0;32m  OK  [0m] Listening on udev Control Socket.
[[0;32m  OK  [0m] Listening on LVM2 metadata daemon socket.
         Starting Set the console keyboard layout...
         Mounting Huge Pages File System...
[   18.371514] random: crng init done
[   18.372894] random: 7 urandom warning(s) missed due to ratelimiting
         Mounting POSIX Message Queue File System...
[[0;32m  OK  [0m] Listening on Network Service Netlink Socket.
[[0;32m  OK  [0m] Listening on Journal Audit Socket.
[[0;32m  OK  [0m] Listening on udev Kernel Socket.
         Starting udev Coldplug all Devices...
[[0;32m  OK  [0m] Listening on LVM2 poll daemon socket.
[[0;32m  OK  [0m] Listening on Journal Socket (/dev/log).
         Starting Load Kernel Modules...
[[0;32m  OK  [0m] Listening on Syslog Socket.
         Starting Journal Service...
[[0;32m  OK  [0m] Listening on /dev/initctl Compatibility Name[   18.436579] Loading iSCSI transport class v2.0-870.
d Pipe.
[[0;32m  OK  [0m] Listening on Device-mapper event daemon FIFOs.
         Starting Monitoring of LVM2 mirrors…ng dmeventd or progress polling...
[   18.473439] iscsi: registered transport (tcp)
         Starting Uncomplicated firewall...
         Mounting Kernel Debug File System...
[[0;32m  OK  [[   18.512302] iscsi: registered transport (iser)
0m] Created slice system-serial\x2dgetty.slice.
[[0;32m  OK  [0m] Created slice User and Session Slice.
[[0;32m  OK  [0m] Reached target Slices.
         Starting Create list of required st…ce nodes for the current kernel...
         Starting Remount Root and Kernel File Systems...
[[0;32m  OK  [0m] Started Journal Service.
[[0;32m  OK  [0m] Started Set the console keyboard layout.
[   18.796617] EXT4-fs (sda1): re-mounted. Opts: (null)
[[0;32m  OK  [0m] Mounted Huge Pages File System.
[[0;32m  OK  [0m] Mounted POSIX Message Queue File System.
[[0;32m  OK  [0m] Started Load Kernel Modules.
[[0;32m  OK  [0m] Started Uncomplicated firewall.
[[0;32m  OK  [0m] Mounted Kernel Debug File System.
[[0;32m  OK  [0m] Started Create list of required sta…vice nodes for the current kernel.
[[0;32m  OK  [0m] Started Remount Root and Kernel File Systems.
[[0;32m  OK  [0m] Started LVM2 metadata daemon.
         Starting Load/Save Random Seed...
         Starting Create Static Device Nodes in /dev...
         Mounting Kernel Configuration File System...
         Starting Apply Kernel Variables...
         Mounting FUSE Control File System...
         Starting Flush Journal to Persistent Storage...
[[0;32m  OK  [0m] Started Monitoring of LVM2 mirrors,…sing dmeventd or progress polling.
[[0;32m  OK  [0m] Started udev Coldplug all Devices.
[[0;32m  OK  [0m] Started Load/Save Random Seed.
[[0;32m  OK  [0m] Mounted Kernel Configuration File System.
[[0;32m  OK  [0m] Started Create Static Device Nodes in /dev.
[[0;32m  OK  [0m] Mounted FUSE Control File System.
[[0;32m  OK  [0m] Started Apply Kernel Variables.
         Starting udev Kernel Device Manager...
[[0;32m  OK  [0m] Reached target Local File Systems (Pre).
[[0;32m  OK  [0m] Reached target Local File Systems.
         Starting AppArmor initialization...
         Starting Set console font and keymap...
         Starting ebtables ruleset management...
         Starting Tell Plymouth To Write Out Runtime Data...
[[0;32m  OK  [0m] Started udev Kernel Device Manager.
[[0;32m  OK  [0m] Started Dispatch Password Requests to Console Directory Watch.
[[0;32m  OK  [0m] Reached target Local Encrypted Volumes.
[[0;32m  OK  [0m] Started Set console font and keymap.
[[0;32m  OK  [0m] Started Tell Plymouth To Write Out Runtime Data.
[[0;32m  OK  [0m] Started ebtables ruleset management.
[[0;32m  OK  [0m] Started Flush Journal to Persistent Storage.
         Starting Create Volatile Files and Directories...
[[0;32m  OK  [0m] Started Create Volatile Files and Directories.
         Starting Update UTMP about System Boot/Shutdown...
[[0;32m  OK  [0m] Started Update UTMP about System Boot/Shutdown.
[[0;32m  OK  [0m] Found device /dev/ttyS0.
[[0;32m  OK  [0m] Listening on Load/Save RF Kill Switch Status /dev/rfkill Watch.
[[0;32m  OK  [0m] Started AppArmor initialization.
         Starting Initial cloud-init job (pre-networking)...
[   22.598775] cloud-init[533]: Cloud-init v. 19.1-1-gbaa47854-0ubuntu1~18.04.1 running 'init-local' at Sun, 10 Nov 2019 13:53:09 +0000. Up 22.36 seconds.
[[0;32m  OK  [0m] Started Initial cloud-init job (pre-networking).
[[0;32m  OK  [0m] Reached target Network (Pre).
         Starting Network Service...
[[0;32m  OK  [0m] Started Network Service.
         Starting Wait for Network to be Configured...
         Starting Network Name Resolution...
[[0;32m  OK  [0m] Started Network Name Resolution.
[[0;32m  OK  [0m] Reached target Host and Network Name Lookups.
[[0;32m  OK  [0m] Reached target Network.
[[0;32m  OK  [0m] Started Wait for Network to be Configured.
         Starting Initial cloud-init job (metadata service crawler)...
[   24.795628] cloud-init[705]: Cloud-init v. 19.1-1-gbaa47854-0ubuntu1~18.04.1 running 'init' at Sun, 10 Nov 2019 13:53:12 +0000. Up 24.66 seconds.
[   24.811325] cloud-init[705]: ci-info: ++++++++++++++++++++++++++++++++++++++Net device info+++++++++++++++++++++++++++++++++++++++
[   24.814226] cloud-init[705]: ci-info: +--------+------+-----------------------------+---------------+--------+-------------------+
[   24.818671] cloud-init[705]: ci-info: | Device |  Up  |           Address           |      Mask     | Scope  |     Hw-Address    |
[   24.847358] cloud-init[705]: ci-info: +--------+------+-----------------------------+---------------+--------+-------------------+
[   24.850211] cloud-init[705]: ci-info: | enp0s3 | True |          10.0.2.15          | 255.255.255.0 | global | 02:26:45:5c:bc:af |
[   24.853021] cloud-init[705]: ci-info: | enp0s3 | True |  fe80::26:45ff:fe5c:bcaf/64 |       .       |  link  | 02:26:45:5c:bc:af |
[   24.872126] cloud-init[705]: ci-info: | enp0s8 | True |        192.168.33.10        | 255.255.255.0 | global | 08:00:27:71:69:14 |
[   24.874502] cloud-init[705]: ci-info: | enp0s8 | True | fe80::a00:27ff:fe71:6914/64 |       .       |  link  | 08:00:27:71:69:14 |
[   24.889256] cloud-init[705]: ci-info: |   lo   | True |          127.0.0.1          |   255.0.0.0   |  host  |         .         |
[   24.930325] cloud-init[705]: ci-info: |   lo   | True |           ::1/128           |       .       |  host  |         .         |
[   24.939483] cloud-init[705]: ci-info: +--------+------+-----------------------------+---------------+--------+-------------------+
[   24.945385] cloud-init[705]: ci-info: +++++++++++++++++++++++++++++Route IPv4 info+++++++++++++++++++++++++++++
[   24.984756] cloud-init[705]: ci-info: +-------+--------------+----------+-----------------+-----------+-------+
[   24.997062] cloud-init[705]: ci-info: | Route | Destination  | Gateway  |     Genmask     | Interface | Flags |
[   25.037132] cloud-init[705]: ci-info: +-------+--------------+----------+-----------------+-----------+-------+
[   25.039537] cloud-init[705]: ci-info: |   0   |   0.0.0.0    | 10.0.2.2 |     0.0.0.0     |   enp0s3  |   UG  |
[   25.044923] cloud-init[705]: ci-info: |   1   |   10.0.2.0   | 0.0.0.0  |  255.255.255.0  |   enp0s3  |   U   |
[   25.047458] cloud-init[705]: ci-info: |   2   |   10.0.2.2   | 0.0.0.0  | 255.255.255.255 |   enp0s3  |   UH  |
[   25.051211] cloud-init[705]: ci-info: |   3   | 192.168.33.0 | 0.0.0.0  |  255.255.255.0  |   enp0s8  |   U   |
[   25.053640] cloud-init[705]: ci-info: +-------+--------------+----------+-----------------+-----------+-------+
[   25.070623] cloud-init[705]: ci-info: +++++++++++++++++++Route IPv6 info+++++++++++++++++++
[   25.078823] cloud-init[705]: ci-info: +-------+-------------+---------+-----------+-------+
[   25.103885] cloud-init[705]: ci-info: | Route | Destination | Gateway | Interface | Flags |
[   25.114084] cloud-init[705]: ci-info: +-------+-------------+---------+-----------+-------+
[   25.119039] cloud-init[705]: ci-info: |   1   |  fe80::/64  |    ::   |   enp0s8  |   U   |
[   25.135086] cloud-init[705]: ci-info: |   2   |  fe80::/64  |    ::   |   enp0s3  |   U   |
[   25.148297] cloud-init[705]: ci-info: |   4   |    local    |    ::   |   enp0s3  |   U   |
[   25.150459] cloud-init[705]: ci-info: |   5   |    local    |    ::   |   enp0s8  |   U   |
[   25.154890] cloud-init[705]: ci-info: |   6   |   ff00::/8  |    ::   |   enp0s8  |   U   |
[   25.184650] cloud-init[705]: ci-info: |   7   |   ff00::/8  |    ::   |   enp0s3  |   U   |
[   25.186227] cloud-init[705]: ci-info: +-------+-------------+---------+-----------+-------+
[[0;32m  OK  [0m] Started Initial cloud-init job (metadata service crawler).
[[0;32m  OK  [0m] Reached target System Initialization.
[[0;32m  OK  [0m] Started Daily apt download activities.
[[0;32m  OK  [0m] Started Daily apt upgrade and clean activities.
[[0;32m  OK  [0m] Started Daily Cleanup of Temporary Directories.
[[0;32m  OK  [0m] Started Discard unused blocks once a week.
[[0;32m  OK  [0m] Started ACPI Events Check.
[[0;32m  OK  [0m] Listening on UUID daemon activation socket.
[[0;32m  OK  [0m] Reached target Paths.
[[0;32m  OK  [0m] Listening on ACPID Listen Socket.
[[0;32m  OK  [0m] Listening on Open-iSCSI iscsid Socket.
[[0;32m  OK  [0m] Listening on D-Bus System Message Bus Socket.
[[0;32m  OK  [0m] Started Message of the Day.
[[0;32m  OK  [0m] Reached target Timers.
         Starting Socket activation for snappy daemon.
         Starting LXD - unix socket.
[[0;32m  OK  [0m] Reached target Network is Online.
[[0;32m  OK  [0m] Reached target Remote File Systems (Pre).
[[0;32m  OK  [0m] Reached target Remote File Systems.
         Starting Availability of block devices...
[[0;32m  OK  [0m] Reached target Cloud-config availability.
[[0;32m  OK  [0m] Listening on Socket activation for snappy daemon.
[[0;32m  OK  [0m] Listening on LXD - unix socket.
[[0;32m  OK  [0m] Started Availability of block devices.
[[0;32m  OK  [0m] Reached target Sockets.
[[0;32m  OK  [0m] Reached target Basic System.
         Starting LSB: automatic crash report generation...
         Starting vboxadd.service...
         Starting OpenBSD Secure Shell server...
[[0;32m  OK  [0m] Started D-Bus System Message Bus.
[[0;32m  OK  [0m] Started irqbalance daemon.
         Starting LXD - container startup/shutdown...
[[0;32m  OK  [0m] Started FUSE filesystem for LXC.
[[0;32m  OK  [0m] Started Deferred execution scheduler.
         Starting Accounts Service...
         Starting Dispatcher daemon for systemd-networkd...
         Starting Login Service...
         Starting System Logging Service...
         Starting Permit User Sessions...
         Starting LSB: Record successful boot for GRUB...
[[0;32m  OK  [0m] Started Regular background program processing daemon.
         Starting Snappy daemon...
[[0;32m  OK  [0m] Started System Logging Service.
[[0;32m  OK  [0m] Started Permit User Sessions.
[[0;32m  OK  [0m] Started OpenBSD Secure Shell server.
[[0;32m  OK  [0m] Started Login Service.
[[0;32m  OK  [0m] Started Unattended Upgrades Shutdown.
         Starting Authorization Manager...
         Starting Terminate Plymouth Boot Screen...
         Starting Hold until boot process finishes up...
[[0;32m  OK  [0m] Started Hold until boot process finishes up.
         Starting Set console scheme...
[[0;32m  OK  [0m] Started Serial Getty on ttyS0.
[[0;32m  OK  [0m] Started Terminate Plymouth Boot Screen.
[[0;32m  OK  [0m] Started Set console scheme.
[[0;32m  OK  [0m] Created slice system-getty.slice.
[[0;32m  OK  [0m] Started Getty on tty1.
[[0;32m  OK  [0m] Reached target Login Prompts.
[[0;32m  OK  [0m] Started Authorization Manager.
[[0;32m  OK  [0m] Started Accounts Service.
[[0;32m  OK  [0m] Started LSB: Record successful boot for GRUB.
[[0;32m  OK  [0m] Started LSB: automatic crash report generation.
[[0;32m  OK  [0m] Created slice User Slice of vagrant.
         Starting User Manager for UID 1000...
[[0;32m  OK  [0m] Started Session 1 of user vagrant.
[[0;32m  OK  [0m] Started vboxadd.service.
         Starting vboxadd-service.service...
[[0;32m  OK  [0m] Started LXD - container startup/shutdown.
[[0;32m  OK  [0m] Started Dispatcher daemon for systemd-networkd.
[[0;32m  OK  [0m] Started User Manager for UID 1000.
[[0;32m  OK  [0m] Started Snappy daemon.
[[0;32m  OK  [0m] Started vboxadd-service.service.
         Starting Wait until snapd is fully seeded...
[[0;32m  OK  [0m] Started Wait until snapd is fully seeded.
         Starting Apply the settings specified in cloud-config...
[[0;32m  OK  [0m] Reached target Multi-User System.
[[0;32m  OK  [0m] Reached target Graphical Interface.
         Starting Update UTMP about System Runlevel Changes...
[[0;32m  OK  [0m] Started Update UTMP about System Runlevel Changes.
[   29.032785] cloud-init[1248]: Cloud-init v. 19.1-1-gbaa47854-0ubuntu1~18.04.1 running 'modules:config' at Sun, 10 Nov 2019 13:53:16 +0000. Up 28.90 seconds.
[[0;32m  OK  [0m] Started Apply the settings specified in cloud-config.
         Starting Execute cloud user/final scripts...
[   29.762221] cloud-init[1297]: Cloud-init v. 19.1-1-gbaa47854-0ubuntu1~18.04.1 running 'modules:final' at Sun, 10 Nov 2019 13:53:17 +0000. Up 29.54 seconds.
[   29.780246] cloud-init[1297]: Cloud-init v. 19.1-1-gbaa47854-0ubuntu1~18.04.1 finished at Sun, 10 Nov 2019 13:53:17 +0000. Datasource DataSourceNoCloud [seed=/dev/sdb][dsmode=net].  Up 29.75 seconds
[[0;32m  OK  [0m] Started Execute cloud user/final scripts.
[[0;32m  OK  [0m] Reached target Cloud-init target.

Ubuntu 18.04.2 LTS ubuntu-bionic ttyS0

ubuntu-bionic login: 